  CircleArray.cpp
c:\users\justina\documents\github\cibcdevjw\circlearray\circlearray\circlearrayclass.h(60): warning C4018: '<': signed/unsigned mismatch
  c:\users\justina\documents\github\cibcdevjw\circlearray\circlearray\circlearrayclass.h(54): note: while compiling class template member function 'CircleArrayClass<int>::CircleArrayClass(std::vector<int,std::allocator<_Ty>> &)'
          with
          [
              _Ty=int
          ]
  c:\users\justina\documents\github\cibcdevjw\circlearray\circlearray\circlearray.cpp(11): note: see reference to function template instantiation 'CircleArrayClass<int>::CircleArrayClass(std::vector<int,std::allocator<_Ty>> &)' being compiled
          with
          [
              _Ty=int
          ]
  c:\users\justina\documents\github\cibcdevjw\circlearray\circlearray\circlearray.cpp(11): note: see reference to class template instantiation 'CircleArrayClass<int>' being compiled
c:\users\justina\documents\github\cibcdevjw\circlearray\circlearray\circlearrayclass.h(145): warning C4018: '>=': signed/unsigned mismatch
  c:\users\justina\documents\github\cibcdevjw\circlearray\circlearray\circlearrayclass.h(144): note: while compiling class template member function 'T &CircleArrayClass<T>::getItemAtIndex(unsigned int)'
          with
          [
              T=int
          ]
  c:\users\justina\documents\github\cibcdevjw\circlearray\circlearray\circlearrayclass.h(40): note: see reference to function template instantiation 'T &CircleArrayClass<T>::getItemAtIndex(unsigned int)' being compiled
          with
          [
              T=int
          ]
c:\users\justina\documents\github\cibcdevjw\circlearray\circlearray\circlearrayclass.h(148): warning C4018: '<=': signed/unsigned mismatch
  CircleArray.vcxproj -> C:\Users\Justina\Documents\GitHub\CIBCDevJW\CircleArray\Debug\CircleArray.exe
